<?xml version="1.0" encoding="UTF-8"?>
<testng-results ignored="0" total="1" passed="0" failed="1" skipped="0">
  <reporter-output>
  </reporter-output>
  <suite started-at="2025-10-23T11:24:01 IST" name="Default suite" finished-at="2025-10-23T11:24:41 IST" duration-ms="39740">
    <groups>
    </groups>
    <test started-at="2025-10-23T11:24:01 IST" name="Default test" finished-at="2025-10-23T11:24:41 IST" duration-ms="39740">
      <class name="com.tests.LoginTest">
        <test-method is-config="true" signature="setup()[pri:0, instance:com.tests.LoginTest@6cd24612]" started-at="2025-10-23T11:24:01 IST" name="setup" finished-at="2025-10-23T11:24:12 IST" duration-ms="10843" status="PASS">
          <reporter-output>
          </reporter-output>
        </test-method> <!-- setup -->
        <test-method signature="testCreateAdminUser()[pri:0, instance:com.tests.LoginTest@6cd24612]" started-at="2025-10-23T11:24:12 IST" name="testCreateAdminUser" finished-at="2025-10-23T11:24:40 IST" duration-ms="28483" status="FAIL">
          <exception class="com.microsoft.playwright.TimeoutError">
            <message>
              <![CDATA[Error {
  message='Timeout 20000ms exceeded.
  name='TimeoutError
  stack='TimeoutError: Timeout 20000ms exceeded.
    at ProgressController.run (C:\Users\Dell\AppData\Local\Temp\playwright-java-5316783509899961443\package\lib\server\progress.js:65:26)
    at FrameDispatcher._runCommand (C:\Users\Dell\AppData\Local\Temp\playwright-java-5316783509899961443\package\lib\server\dispatchers\dispatcher.js:91:31)
    at DispatcherConnection.dispatch (C:\Users\Dell\AppData\Local\Temp\playwright-java-5316783509899961443\package\lib\server\dispatchers\dispatcher.js:322:39)
}
Call log:
-   - waiting for locator("text=Successfully Saved") to be visible
]]>
            </message>
            <full-stacktrace>
              <![CDATA[com.microsoft.playwright.TimeoutError: Error {
  message='Timeout 20000ms exceeded.
  name='TimeoutError
  stack='TimeoutError: Timeout 20000ms exceeded.
    at ProgressController.run (C:\Users\Dell\AppData\Local\Temp\playwright-java-5316783509899961443\package\lib\server\progress.js:65:26)
    at FrameDispatcher._runCommand (C:\Users\Dell\AppData\Local\Temp\playwright-java-5316783509899961443\package\lib\server\dispatchers\dispatcher.js:91:31)
    at DispatcherConnection.dispatch (C:\Users\Dell\AppData\Local\Temp\playwright-java-5316783509899961443\package\lib\server\dispatchers\dispatcher.js:322:39)
}
Call log:
-   - waiting for locator("text=Successfully Saved") to be visible

at com.microsoft.playwright.impl.WaitableResult.get(WaitableResult.java:52)
at com.microsoft.playwright.impl.ChannelOwner.runUntil(ChannelOwner.java:138)
at com.microsoft.playwright.impl.Connection.sendMessage(Connection.java:131)
at com.microsoft.playwright.impl.ChannelOwner.sendMessage(ChannelOwner.java:124)
at com.microsoft.playwright.impl.FrameImpl.waitForSelectorImpl(FrameImpl.java:985)
at com.microsoft.playwright.impl.LocatorImpl.waitFor(LocatorImpl.java:625)
at com.tests.LoginTest.testCreateAdminUser(LoginTest.java:32)
at java.base/jdk.internal.reflect.DirectMethodHandleAccessor.invoke(DirectMethodHandleAccessor.java:103)
at java.base/java.lang.reflect.Method.invoke(Method.java:580)
at org.testng.internal.invokers.MethodInvocationHelper.invokeMethod(MethodInvocationHelper.java:141)
at org.testng.internal.invokers.TestInvoker.invokeMethod(TestInvoker.java:687)
at org.testng.internal.invokers.TestInvoker.invokeTestMethod(TestInvoker.java:230)
at org.testng.internal.invokers.MethodRunner.runInSequence(MethodRunner.java:63)
at org.testng.internal.invokers.TestInvoker$MethodInvocationAgent.invoke(TestInvoker.java:995)
at org.testng.internal.invokers.TestInvoker.invokeTestMethods(TestInvoker.java:203)
at org.testng.internal.invokers.TestMethodWorker.invokeTestMethods(TestMethodWorker.java:154)
at org.testng.internal.invokers.TestMethodWorker.run(TestMethodWorker.java:134)
at java.base/java.util.ArrayList.forEach(ArrayList.java:1596)
at org.testng.TestRunner.privateRun(TestRunner.java:741)
at org.testng.TestRunner.run(TestRunner.java:616)
at org.testng.SuiteRunner.runTest(SuiteRunner.java:421)
at org.testng.SuiteRunner.runSequentially(SuiteRunner.java:413)
at org.testng.SuiteRunner.privateRun(SuiteRunner.java:373)
at org.testng.SuiteRunner.run(SuiteRunner.java:312)
at org.testng.SuiteRunnerWorker.runSuite(SuiteRunnerWorker.java:52)
at org.testng.SuiteRunnerWorker.run(SuiteRunnerWorker.java:95)
at org.testng.TestNG.runSuitesSequentially(TestNG.java:1274)
at org.testng.TestNG.runSuitesLocally(TestNG.java:1208)
at org.testng.TestNG.runSuites(TestNG.java:1112)
at org.testng.TestNG.run(TestNG.java:1079)
at org.testng.remote.AbstractRemoteTestNG.run(AbstractRemoteTestNG.java:115)
at org.testng.remote.RemoteTestNG.initAndRun(RemoteTestNG.java:293)
at org.testng.remote.RemoteTestNG.main(RemoteTestNG.java:91)
Caused by: com.microsoft.playwright.TimeoutError: Error {
  message='Timeout 20000ms exceeded.
  name='TimeoutError
  stack='TimeoutError: Timeout 20000ms exceeded.
    at ProgressController.run (C:\Users\Dell\AppData\Local\Temp\playwright-java-5316783509899961443\package\lib\server\progress.js:65:26)
    at FrameDispatcher._runCommand (C:\Users\Dell\AppData\Local\Temp\playwright-java-5316783509899961443\package\lib\server\dispatchers\dispatcher.js:91:31)
    at DispatcherConnection.dispatch (C:\Users\Dell\AppData\Local\Temp\playwright-java-5316783509899961443\package\lib\server\dispatchers\dispatcher.js:322:39)
}
Call log:
-   - waiting for locator("text=Successfully Saved") to be visible

at com.microsoft.playwright.impl.Connection.dispatch(Connection.java:257)
at com.microsoft.playwright.impl.Connection.processOneMessage(Connection.java:214)
at com.microsoft.playwright.impl.ChannelOwner.runUntil(ChannelOwner.java:136)
... 31 more
]]>
            </full-stacktrace>
          </exception> <!-- com.microsoft.playwright.TimeoutError -->
          <reporter-output>
          </reporter-output>
        </test-method> <!-- testCreateAdminUser -->
        <test-method is-config="true" signature="tearDown()[pri:0, instance:com.tests.LoginTest@6cd24612]" started-at="2025-10-23T11:24:41 IST" name="tearDown" finished-at="2025-10-23T11:24:41 IST" duration-ms="263" status="PASS">
          <reporter-output>
          </reporter-output>
        </test-method> <!-- tearDown -->
      </class> <!-- com.tests.LoginTest -->
    </test> <!-- Default test -->
  </suite> <!-- Default suite -->
</testng-results>
