<?xml version="1.0" encoding="UTF-8"?>
<testng-results ignored="0" total="1" passed="1" failed="0" skipped="0">
  <reporter-output>
  </reporter-output>
  <suite started-at="2025-10-22T16:57:43 IST" name="Suite" finished-at="2025-10-22T16:58:13 IST" duration-ms="30122">
    <groups>
    </groups>
    <test started-at="2025-10-22T16:57:43 IST" name="Test" finished-at="2025-10-22T16:58:13 IST" duration-ms="30122">
      <class name="com.tests.LoginTest">
        <test-method is-config="true" signature="setup()[pri:0, instance:com.tests.LoginTest@3e694b3f]" started-at="2025-10-22T16:57:43 IST" name="setup" finished-at="2025-10-22T16:57:52 IST" duration-ms="8749" status="PASS">
          <reporter-output>
          </reporter-output>
        </test-method> <!-- setup -->
        <test-method signature="testCreateAdminUser()[pri:0, instance:com.tests.LoginTest@3e694b3f]" started-at="2025-10-22T16:57:52 IST" name="testCreateAdminUser" finished-at="2025-10-22T16:58:13 IST" duration-ms="20988" status="PASS">
          <reporter-output>
          </reporter-output>
        </test-method> <!-- testCreateAdminUser -->
        <test-method is-config="true" signature="tearDown()[pri:0, instance:com.tests.LoginTest@3e694b3f]" started-at="2025-10-22T16:58:13 IST" name="tearDown" finished-at="2025-10-22T16:58:13 IST" duration-ms="326" status="PASS">
          <reporter-output>
          </reporter-output>
        </test-method> <!-- tearDown -->
      </class> <!-- com.tests.LoginTest -->
    </test> <!-- Test -->
  </suite> <!-- Suite -->
</testng-results>
